<?xml version="1.0" encoding="UTF-8"?>
<testng-results ignored="0" total="1" passed="1" failed="0" skipped="0">
  <reporter-output>
  </reporter-output>
  <suite started-at="2021-05-24T20:33:11 IST" name="Default suite" finished-at="2021-05-24T20:33:12 IST" duration-ms="710">
    <groups>
    </groups>
    <test started-at="2021-05-24T20:33:11 IST" name="Default test" finished-at="2021-05-24T20:33:12 IST" duration-ms="710">
      <class name="com.qa.utilities.UtilityTester">
        <test-method signature="DataUtilityTester()[pri:0, instance:com.qa.utilities.UtilityTester@429bffaa]" started-at="2021-05-24T20:33:11 IST" name="DataUtilityTester" finished-at="2021-05-24T20:33:12 IST" duration-ms="648" status="PASS">
          <reporter-output>
          </reporter-output>
        </test-method> <!-- DataUtilityTester -->
      </class> <!-- com.qa.utilities.UtilityTester -->
    </test> <!-- Default test -->
  </suite> <!-- Default suite -->
</testng-results>
